<?xml version="1.0" encoding="UTF-8"?>
<!-- Generated by org.testng.reporters.JUnitXMLReporter -->
<testsuite hostname="LAPTOP-JPSCLFU6" ignored="0" name="OnlineOrder" tests="1" failures="1" timestamp="30 Mar 2023 18:57:36 GMT" time="0.026" errors="0">
  <testcase name="submitOrder" time="0.008" classname="com.saranya.selenium.StandAloneTest">
    <failure type="java.lang.NullPointerException">
      <![CDATA[java.lang.NullPointerException
at com.saranya.selenium.TestComponents.BaseTest.initializeDriver(BaseTest.java:28)
at com.saranya.selenium.TestComponents.BaseTest.launchApplication(BaseTest.java:46)
at com.saranya.selenium.StandAloneTest.submitOrder(StandAloneTest.java:36)
... Removed 25 stack frames]]>
    </failure>
  </testcase> <!-- submitOrder -->
</testsuite> <!-- OnlineOrder -->
