<?xml version="1.0" encoding="UTF-8"?>
<testng-results skipped="0" failed="0" ignored="0" total="1" passed="1">
  <reporter-output>
  </reporter-output>
  <suite name="Default suite" duration-ms="7542" started-at="2023-03-31T04:40:32 SGT" finished-at="2023-03-31T04:40:39 SGT">
    <groups>
    </groups>
    <test name="Default test" duration-ms="7542" started-at="2023-03-31T04:40:32 SGT" finished-at="2023-03-31T04:40:39 SGT">
      <class name="com.saranya.selenium.ErrorValidations">
        <test-method status="PASS" signature="launchApplication()[pri:0, instance:com.saranya.selenium.ErrorValidations@462d5aee]" name="launchApplication" is-config="true" duration-ms="6254" started-at="2023-03-31T04:40:32 SGT" finished-at="2023-03-31T04:40:38 SGT">
          <reporter-output>
          </reporter-output>
        </test-method> <!-- launchApplication -->
        <test-method status="PASS" signature="submitOrder()[pri:0, instance:com.saranya.selenium.ErrorValidations@462d5aee]" name="submitOrder" duration-ms="1121" started-at="2023-03-31T04:40:38 SGT" finished-at="2023-03-31T04:40:39 SGT">
          <reporter-output>
          </reporter-output>
        </test-method> <!-- submitOrder -->
        <test-method status="PASS" signature="tearDown()[pri:0, instance:com.saranya.selenium.ErrorValidations@462d5aee]" name="tearDown" is-config="true" duration-ms="135" started-at="2023-03-31T04:40:39 SGT" finished-at="2023-03-31T04:40:39 SGT">
          <reporter-output>
          </reporter-output>
        </test-method> <!-- tearDown -->
      </class> <!-- com.saranya.selenium.ErrorValidations -->
    </test> <!-- Default test -->
  </suite> <!-- Default suite -->
</testng-results>
